Using launch settings from C:\Beaulin Shajil\Riva\Riva\Riva-API\api\Riva.Api\Properties\launchSettings.json...
Building...
C:\Beaulin Shajil\Riva\Riva\Riva-API\api\Riva.Api\Riva.Api.csproj : warning NU1902: Package 'MailKit' 4.7.1 has a known moderate severity vulnerability, https://github.com/advisories/GHSA-9j88-vvj5-vhgr
C:\Beaulin Shajil\Riva\Riva\Riva-API\api\Riva.Api\Riva.Api.csproj : warning NU1902: Package 'MailKit' 4.7.1 has a known moderate severity vulnerability, https://github.com/advisories/GHSA-9j88-vvj5-vhgr
[22:21:42 INF] User profile is available. Using 'C:\Users\TLTuser\AppData\Local\ASP.NET\DataProtection-Keys' as key repository and Windows DPAPI to encrypt keys at rest.
[22:21:42 INF] Now listening on: http://localhost:5236
[22:21:42 INF] Application started. Press Ctrl+C to shut down.
[22:21:42 INF] Hosting environment: Development
[22:21:42 INF] Content root path: C:\Beaulin Shajil\Riva\Riva\Riva-API\api\Riva.Api
[22:22:30 INF] Request starting HTTP/1.1 GET http://localhost:5236/api/wishlist - null null
[22:22:30 WRN] Failed to determine the https port for redirect.
[22:22:30 INF] No cached response available for this request.
[22:22:30 INF] Authorization failed. These requirements were not met:
DenyAnonymousAuthorizationRequirement: Requires an authenticated user.
[22:22:30 INF] AuthenticationScheme: Bearer was challenged.
[22:22:30 INF] The response could not be cached for this request.
[22:22:30 INF] Request finished HTTP/1.1 GET http://localhost:5236/api/wishlist - 401 0 null 63.6994ms
[22:22:52 INF] Request starting HTTP/1.1 OPTIONS http://localhost:5236/api/payment/admin/stats - null null
[22:22:52 INF] Request starting HTTP/1.1 OPTIONS http://localhost:5236/api/users/getall - null null
[22:22:52 INF] Request starting HTTP/1.1 OPTIONS http://localhost:5236/api/users/getall - null null
[22:22:52 INF] Request starting HTTP/1.1 OPTIONS http://localhost:5236/api/users/profile - null null
[22:22:52 INF] CORS policy execution successful.
[22:22:52 INF] CORS policy execution successful.
[22:22:52 INF] Request starting HTTP/1.1 OPTIONS http://localhost:5236/api/template/admin? - null null
[22:22:52 INF] CORS policy execution successful.
[22:22:52 INF] CORS policy execution successful.
[22:22:52 INF] CORS policy execution successful.
[22:22:52 INF] Request finished HTTP/1.1 OPTIONS http://localhost:5236/api/payment/admin/stats - 204 null null 8.8104ms
[22:22:52 INF] Request finished HTTP/1.1 OPTIONS http://localhost:5236/api/users/getall - 204 null null 5.5941ms
[22:22:52 INF] Request starting HTTP/1.1 OPTIONS http://localhost:5236/api/app-settings/theme - null null
[22:22:52 INF] Request finished HTTP/1.1 OPTIONS http://localhost:5236/api/users/getall - 204 null null 6.3853ms
[22:22:52 INF] CORS policy execution successful.
[22:22:52 INF] Request finished HTTP/1.1 OPTIONS http://localhost:5236/api/app-settings/theme - 204 null null 0.7758ms
[22:22:52 INF] Request finished HTTP/1.1 OPTIONS http://localhost:5236/api/template/admin? - 204 null null 2.1645ms
[22:22:52 INF] Request finished HTTP/1.1 OPTIONS http://localhost:5236/api/users/profile - 204 null null 9.1572ms
[22:22:52 INF] Request starting HTTP/1.1 OPTIONS http://localhost:5236/api/template/admin? - null null
[22:22:52 INF] Request starting HTTP/1.1 OPTIONS http://localhost:5236/api/users/profile - null null
[22:22:52 INF] Request starting HTTP/1.1 OPTIONS http://localhost:5236/api/payment/admin/stats - null null
[22:22:52 INF] Request starting HTTP/1.1 OPTIONS http://localhost:5236/api/app-settings/theme - null null
[22:22:52 INF] CORS policy execution successful.
[22:22:52 INF] Request finished HTTP/1.1 OPTIONS http://localhost:5236/api/payment/admin/stats - 204 null null 5.7327ms
[22:22:52 INF] CORS policy execution successful.
[22:22:52 INF] Request finished HTTP/1.1 OPTIONS http://localhost:5236/api/app-settings/theme - 204 null null 7.483ms
[22:22:52 INF] CORS policy execution successful.
[22:22:52 INF] Request finished HTTP/1.1 OPTIONS http://localhost:5236/api/users/profile - 204 null null 10.7339ms
[22:22:52 INF] Request starting HTTP/1.1 POST http://localhost:5236/api/users/getall - application/json 0
[22:22:52 INF] Request starting HTTP/1.1 GET http://localhost:5236/api/template/admin? - application/json null
[22:22:52 INF] CORS policy execution successful.
[22:22:52 INF] CORS policy execution successful.
[22:22:52 INF] Request finished HTTP/1.1 OPTIONS http://localhost:5236/api/template/admin? - 204 null null 14.2932ms
[22:22:52 INF] Request starting HTTP/1.1 POST http://localhost:5236/api/users/getall - application/json 0
[22:22:52 INF] CORS policy execution successful.
[22:22:52 INF] CORS policy execution successful.
[22:22:52 INF] Request starting HTTP/1.1 GET http://localhost:5236/api/payment/admin/stats - application/json null
[22:22:52 INF] CORS policy execution successful.
[22:22:52 INF] Request starting HTTP/1.1 GET http://localhost:5236/api/app-settings/theme - application/json null
[22:22:52 INF] CORS policy execution successful.
[22:22:52 INF] Executing endpoint 'Riva.Api.Controllers.AppSettingsController.GetTheme (Riva.Api)'
[22:22:52 INF] Executing endpoint 'Riva.Api.Controllers.TemplateController.GetAllAdmin (Riva.Api)'
[22:22:52 INF] Executing endpoint 'Riva.Api.Controllers.PaymentController.GetAdminStats (Riva.Api)'
[22:22:52 INF] Executing endpoint 'Riva.Api.Controllers.UsersController.GetAllUsers (Riva.Api)'
[22:22:52 INF] Executing endpoint 'Riva.Api.Controllers.UsersController.GetAllUsers (Riva.Api)'
[22:22:52 INF] Route matched with {action = "GetAllUsers", controller = "Users"}. Executing controller action with signature System.Threading.Tasks.Task`1[Microsoft.AspNetCore.Mvc.IActionResult] GetAllUsers() on controller Riva.Api.Controllers.UsersController (Riva.Api).
[22:22:52 INF] Route matched with {action = "GetTheme", controller = "AppSettings"}. Executing controller action with signature System.Threading.Tasks.Task`1[Microsoft.AspNetCore.Mvc.IActionResult] GetTheme() on controller Riva.Api.Controllers.AppSettingsController (Riva.Api).
[22:22:52 INF] Route matched with {action = "GetAllUsers", controller = "Users"}. Executing controller action with signature System.Threading.Tasks.Task`1[Microsoft.AspNetCore.Mvc.IActionResult] GetAllUsers() on controller Riva.Api.Controllers.UsersController (Riva.Api).
[22:22:52 INF] Route matched with {action = "GetAdminStats", controller = "Payment"}. Executing controller action with signature System.Threading.Tasks.Task`1[Microsoft.AspNetCore.Mvc.IActionResult] GetAdminStats() on controller Riva.Api.Controllers.PaymentController (Riva.Api).
[22:22:52 INF] Route matched with {action = "GetAllAdmin", controller = "Template"}. Executing controller action with signature System.Threading.Tasks.Task`1[Microsoft.AspNetCore.Mvc.IActionResult] GetAllAdmin(System.Nullable`1[System.Int32], System.Nullable`1[System.Boolean]) on controller Riva.Api.Controllers.TemplateController (Riva.Api).
[22:22:52 INF] Request starting HTTP/1.1 GET http://localhost:5236/api/users/profile - application/json null
[22:22:52 INF] CORS policy execution successful.
[22:22:52 INF] Executing endpoint 'Riva.Api.Controllers.UsersController.GetProfile (Riva.Api)'
[22:22:52 INF] Route matched with {action = "GetProfile", controller = "Users"}. Executing controller action with signature System.Threading.Tasks.Task`1[Microsoft.AspNetCore.Mvc.IActionResult] GetProfile() on controller Riva.Api.Controllers.UsersController (Riva.Api).
[22:22:52 INF] Executed action Riva.Api.Controllers.AppSettingsController.GetTheme (Riva.Api) in 165.5125ms
[22:22:52 INF] Executing OkObjectResult, writing value of type 'System.Collections.Generic.List`1[[Riva.Dto.Admin.UserDto, Riva.Dto, Version=1.0.0.0, Culture=neutral, PublicKeyToken=null]]'.
[22:22:52 INF] Executing OkObjectResult, writing value of type 'System.Collections.Generic.List`1[[Riva.Dto.Admin.UserDto, Riva.Dto, Version=1.0.0.0, Culture=neutral, PublicKeyToken=null]]'.
[22:22:52 INF] Executing OkObjectResult, writing value of type '<>f__AnonymousType21`2[[System.Collections.Generic.IEnumerable`1[[Riva.Dto.Template.TemplateListItemDto, Riva.Dto, Version=1.0.0.0, Culture=neutral, PublicKeyToken=null]], System.Private.CoreLib, Version=8.0.0.0, Culture=neutral, PublicKeyToken=7cec85d7bea7798e],[System.Int32, System.Private.CoreLib, Version=8.0.0.0, Culture=neutral, PublicKeyToken=7cec85d7bea7798e]]'.
[22:22:52 INF] Executed endpoint 'Riva.Api.Controllers.AppSettingsController.GetTheme (Riva.Api)'
[22:22:52 INF] Executing OkObjectResult, writing value of type 'Riva.Dto.Payment.AdminPaymentStatsDto'.
[22:22:52 ERR] Unhandled exception
System.Data.SqlClient.SqlException (0x80131904): Invalid object name 'AppSettings'.
   at System.Data.SqlClient.SqlConnection.OnError(SqlException exception, Boolean breakConnection, Action`1 wrapCloseInAction)
   at System.Data.SqlClient.SqlInternalConnection.OnError(SqlException exception, Boolean breakConnection, Action`1 wrapCloseInAction)
   at System.Data.SqlClient.TdsParser.ThrowExceptionAndWarning(TdsParserStateObject stateObj, Boolean callerHasConnectionLock, Boolean asyncClose)
   at System.Data.SqlClient.TdsParser.TryRun(RunBehavior runBehavior, SqlCommand cmdHandler, SqlDataReader dataStream, BulkCopySimpleResultSet bulkCopyHandler, TdsParserStateObject stateObj, Boolean& dataReady)
   at System.Data.SqlClient.SqlDataReader.TryConsumeMetaData()
   at System.Data.SqlClient.SqlDataReader.get_MetaData()
   at System.Data.SqlClient.SqlCommand.FinishExecuteReader(SqlDataReader ds, RunBehavior runBehavior, String resetOptionsString)
   at System.Data.SqlClient.SqlCommand.CompleteAsyncExecuteReader()
   at System.Data.SqlClient.SqlCommand.InternalEndExecuteReader(IAsyncResult asyncResult, String endMethod)
   at System.Data.SqlClient.SqlCommand.EndExecuteReaderInternal(IAsyncResult asyncResult)
   at System.Data.SqlClient.SqlCommand.EndExecuteReader(IAsyncResult asyncResult)
   at System.Threading.Tasks.TaskFactory`1.FromAsyncCoreLogic(IAsyncResult iar, Func`2 endFunction, Action`1 endAction, Task`1 promise, Boolean requiresSynchronization)
--- End of stack trace from previous location ---
   at Riva.Api.Repository.AppSettingsRepository.GetAsync(String key) in C:\Beaulin Shajil\Riva\Riva\Riva-API\api\Riva.Api\Repository\AppSettingsRepository.cs:line 18
   at Riva.Api.Repository.AppSettingsRepository.GetAsync(String key) in C:\Beaulin Shajil\Riva\Riva\Riva-API\api\Riva.Api\Repository\AppSettingsRepository.cs:line 19
   at Riva.Api.Repository.AppSettingsRepository.GetAsync(String key) in C:\Beaulin Shajil\Riva\Riva\Riva-API\api\Riva.Api\Repository\AppSettingsRepository.cs:line 19
   at Riva.Api.Controllers.AppSettingsController.GetTheme() in C:\Beaulin Shajil\Riva\Riva\Riva-API\api\Riva.Api\Controllers\AppSettingsController.cs:line 23
   at Microsoft.AspNetCore.Mvc.Infrastructure.ActionMethodExecutor.TaskOfIActionResultExecutor.Execute(ActionContext actionContext, IActionResultTypeMapper mapper, ObjectMethodExecutor executor, Object controller, Object[] arguments)
   at Microsoft.AspNetCore.Mvc.Infrastructure.ControllerActionInvoker.<InvokeActionMethodAsync>g__Awaited|12_0(ControllerActionInvoker invoker, ValueTask`1 actionResultValueTask)
   at Microsoft.AspNetCore.Mvc.Infrastructure.ControllerActionInvoker.<InvokeNextActionFilterAsync>g__Awaited|10_0(ControllerActionInvoker invoker, Task lastTask, State next, Scope scope, Object state, Boolean isCompleted)
   at Microsoft.AspNetCore.Mvc.Infrastructure.ControllerActionInvoker.Rethrow(ActionExecutedContextSealed context)
   at Microsoft.AspNetCore.Mvc.Infrastructure.ControllerActionInvoker.Next(State& next, Scope& scope, Object& state, Boolean& isCompleted)
   at Microsoft.AspNetCore.Mvc.Infrastructure.ControllerActionInvoker.<InvokeInnerFilterAsync>g__Awaited|13_0(ControllerActionInvoker invoker, Task lastTask, State next, Scope scope, Object state, Boolean isCompleted)
   at Microsoft.AspNetCore.Mvc.Infrastructure.ResourceInvoker.<InvokeFilterPipelineAsync>g__Awaited|20_0(ResourceInvoker invoker, Task lastTask, State next, Scope scope, Object state, Boolean isCompleted)
   at Microsoft.AspNetCore.Mvc.Infrastructure.ResourceInvoker.<InvokeAsync>g__Logged|17_1(ResourceInvoker invoker)
   at Microsoft.AspNetCore.Mvc.Infrastructure.ResourceInvoker.<InvokeAsync>g__Logged|17_1(ResourceInvoker invoker)
   at Microsoft.AspNetCore.Routing.EndpointMiddleware.<Invoke>g__AwaitRequestTask|7_0(Endpoint endpoint, Task requestTask, ILogger logger)
   at Microsoft.AspNetCore.Authorization.AuthorizationMiddleware.Invoke(HttpContext context)
   at Microsoft.AspNetCore.Authentication.AuthenticationMiddleware.Invoke(HttpContext context)
   at Riva.Api.Middleware.ErrorHandlingMiddleware.InvokeAsync(HttpContext context) in C:\Beaulin Shajil\Riva\Riva\Riva-API\api\Riva.Api\Middleware\ErrorHandlingMiddleware.cs:line 23
ClientConnectionId:c90c3a95-8f19-4eff-84b5-b67a3531a1d9
Error Number:208,State:1,Class:16
[22:22:52 INF] Request finished HTTP/1.1 GET http://localhost:5236/api/app-settings/theme - 500 null application/json 324.8079ms
[22:22:52 INF] Executed action Riva.Api.Controllers.PaymentController.GetAdminStats (Riva.Api) in 234.104ms
[22:22:52 INF] Executed endpoint 'Riva.Api.Controllers.PaymentController.GetAdminStats (Riva.Api)'
[22:22:52 INF] Request finished HTTP/1.1 GET http://localhost:5236/api/payment/admin/stats - 200 null application/json; charset=utf-8 344.0888ms
[22:22:52 INF] Executed action Riva.Api.Controllers.UsersController.GetAllUsers (Riva.Api) in 235.7337ms
[22:22:52 INF] Executed action Riva.Api.Controllers.UsersController.GetAllUsers (Riva.Api) in 235.693ms
[22:22:52 INF] Executed endpoint 'Riva.Api.Controllers.UsersController.GetAllUsers (Riva.Api)'
[22:22:52 INF] Executed endpoint 'Riva.Api.Controllers.UsersController.GetAllUsers (Riva.Api)'
[22:22:52 INF] Request finished HTTP/1.1 POST http://localhost:5236/api/users/getall - 200 null application/json; charset=utf-8 354.891ms
[22:22:52 INF] Request finished HTTP/1.1 POST http://localhost:5236/api/users/getall - 200 null application/json; charset=utf-8 352.9442ms
[22:22:52 INF] Request starting HTTP/1.1 GET http://localhost:5236/api/app-settings/theme - application/json null
[22:22:52 INF] Request starting HTTP/1.1 GET http://localhost:5236/api/payment/admin/stats - application/json null
[22:22:52 INF] CORS policy execution successful.
[22:22:52 INF] CORS policy execution successful.
[22:22:52 INF] Executed action Riva.Api.Controllers.TemplateController.GetAllAdmin (Riva.Api) in 248.9621ms
[22:22:52 INF] Executed endpoint 'Riva.Api.Controllers.TemplateController.GetAllAdmin (Riva.Api)'
[22:22:52 INF] Request finished HTTP/1.1 GET http://localhost:5236/api/template/admin? - 200 null application/json; charset=utf-8 367.0662ms
[22:22:52 INF] Executing endpoint 'Riva.Api.Controllers.AppSettingsController.GetTheme (Riva.Api)'
[22:22:52 INF] Executing endpoint 'Riva.Api.Controllers.PaymentController.GetAdminStats (Riva.Api)'
[22:22:52 INF] Route matched with {action = "GetAdminStats", controller = "Payment"}. Executing controller action with signature System.Threading.Tasks.Task`1[Microsoft.AspNetCore.Mvc.IActionResult] GetAdminStats() on controller Riva.Api.Controllers.PaymentController (Riva.Api).
[22:22:52 INF] Route matched with {action = "GetTheme", controller = "AppSettings"}. Executing controller action with signature System.Threading.Tasks.Task`1[Microsoft.AspNetCore.Mvc.IActionResult] GetTheme() on controller Riva.Api.Controllers.AppSettingsController (Riva.Api).
[22:22:52 INF] Executing OkObjectResult, writing value of type 'Riva.Dto.Payment.AdminPaymentStatsDto'.
[22:22:52 INF] Executed action Riva.Api.Controllers.AppSettingsController.GetTheme (Riva.Api) in 1.8066ms
[22:22:52 INF] Executed endpoint 'Riva.Api.Controllers.AppSettingsController.GetTheme (Riva.Api)'
[22:22:52 INF] Executed action Riva.Api.Controllers.PaymentController.GetAdminStats (Riva.Api) in 2.1888ms
[22:22:52 INF] Executed endpoint 'Riva.Api.Controllers.PaymentController.GetAdminStats (Riva.Api)'
[22:22:52 INF] Request finished HTTP/1.1 GET http://localhost:5236/api/payment/admin/stats - 200 null application/json; charset=utf-8 3.4654ms
[22:22:52 ERR] Unhandled exception
System.Data.SqlClient.SqlException (0x80131904): Invalid object name 'AppSettings'.
   at System.Data.SqlClient.SqlConnection.OnError(SqlException exception, Boolean breakConnection, Action`1 wrapCloseInAction)
   at System.Data.SqlClient.SqlInternalConnection.OnError(SqlException exception, Boolean breakConnection, Action`1 wrapCloseInAction)
   at System.Data.SqlClient.TdsParser.ThrowExceptionAndWarning(TdsParserStateObject stateObj, Boolean callerHasConnectionLock, Boolean asyncClose)
   at System.Data.SqlClient.TdsParser.TryRun(RunBehavior runBehavior, SqlCommand cmdHandler, SqlDataReader dataStream, BulkCopySimpleResultSet bulkCopyHandler, TdsParserStateObject stateObj, Boolean& dataReady)
   at System.Data.SqlClient.SqlDataReader.TryConsumeMetaData()
   at System.Data.SqlClient.SqlDataReader.get_MetaData()
   at System.Data.SqlClient.SqlCommand.FinishExecuteReader(SqlDataReader ds, RunBehavior runBehavior, String resetOptionsString)
   at System.Data.SqlClient.SqlCommand.CompleteAsyncExecuteReader()
   at System.Data.SqlClient.SqlCommand.InternalEndExecuteReader(IAsyncResult asyncResult, String endMethod)
   at System.Data.SqlClient.SqlCommand.EndExecuteReaderInternal(IAsyncResult asyncResult)
   at System.Data.SqlClient.SqlCommand.EndExecuteReader(IAsyncResult asyncResult)
   at System.Threading.Tasks.TaskFactory`1.FromAsyncCoreLogic(IAsyncResult iar, Func`2 endFunction, Action`1 endAction, Task`1 promise, Boolean requiresSynchronization)
--- End of stack trace from previous location ---
   at Riva.Api.Repository.AppSettingsRepository.GetAsync(String key) in C:\Beaulin Shajil\Riva\Riva\Riva-API\api\Riva.Api\Repository\AppSettingsRepository.cs:line 18
   at Riva.Api.Repository.AppSettingsRepository.GetAsync(String key) in C:\Beaulin Shajil\Riva\Riva\Riva-API\api\Riva.Api\Repository\AppSettingsRepository.cs:line 19
   at Riva.Api.Repository.AppSettingsRepository.GetAsync(String key) in C:\Beaulin Shajil\Riva\Riva\Riva-API\api\Riva.Api\Repository\AppSettingsRepository.cs:line 19
   at Riva.Api.Controllers.AppSettingsController.GetTheme() in C:\Beaulin Shajil\Riva\Riva\Riva-API\api\Riva.Api\Controllers\AppSettingsController.cs:line 23
   at Microsoft.AspNetCore.Mvc.Infrastructure.ActionMethodExecutor.TaskOfIActionResultExecutor.Execute(ActionContext actionContext, IActionResultTypeMapper mapper, ObjectMethodExecutor executor, Object controller, Object[] arguments)
   at Microsoft.AspNetCore.Mvc.Infrastructure.ControllerActionInvoker.<InvokeActionMethodAsync>g__Awaited|12_0(ControllerActionInvoker invoker, ValueTask`1 actionResultValueTask)
   at Microsoft.AspNetCore.Mvc.Infrastructure.ControllerActionInvoker.<InvokeNextActionFilterAsync>g__Awaited|10_0(ControllerActionInvoker invoker, Task lastTask, State next, Scope scope, Object state, Boolean isCompleted)
   at Microsoft.AspNetCore.Mvc.Infrastructure.ControllerActionInvoker.Rethrow(ActionExecutedContextSealed context)
   at Microsoft.AspNetCore.Mvc.Infrastructure.ControllerActionInvoker.Next(State& next, Scope& scope, Object& state, Boolean& isCompleted)
   at Microsoft.AspNetCore.Mvc.Infrastructure.ControllerActionInvoker.<InvokeInnerFilterAsync>g__Awaited|13_0(ControllerActionInvoker invoker, Task lastTask, State next, Scope scope, Object state, Boolean isCompleted)
   at Microsoft.AspNetCore.Mvc.Infrastructure.ResourceInvoker.<InvokeFilterPipelineAsync>g__Awaited|20_0(ResourceInvoker invoker, Task lastTask, State next, Scope scope, Object state, Boolean isCompleted)
   at Microsoft.AspNetCore.Mvc.Infrastructure.ResourceInvoker.<InvokeAsync>g__Logged|17_1(ResourceInvoker invoker)
   at Microsoft.AspNetCore.Mvc.Infrastructure.ResourceInvoker.<InvokeAsync>g__Logged|17_1(ResourceInvoker invoker)
   at Microsoft.AspNetCore.Routing.EndpointMiddleware.<Invoke>g__AwaitRequestTask|7_0(Endpoint endpoint, Task requestTask, ILogger logger)
   at Microsoft.AspNetCore.Authorization.AuthorizationMiddleware.Invoke(HttpContext context)
   at Microsoft.AspNetCore.Authentication.AuthenticationMiddleware.Invoke(HttpContext context)
   at Riva.Api.Middleware.ErrorHandlingMiddleware.InvokeAsync(HttpContext context) in C:\Beaulin Shajil\Riva\Riva\Riva-API\api\Riva.Api\Middleware\ErrorHandlingMiddleware.cs:line 23
ClientConnectionId:a59d3178-bffc-42da-a2fa-eea06b893b55
Error Number:208,State:1,Class:16
[22:22:52 INF] Request starting HTTP/1.1 GET http://localhost:5236/api/template/admin? - application/json null
[22:22:52 INF] CORS policy execution successful.
[22:22:52 INF] Request finished HTTP/1.1 GET http://localhost:5236/api/app-settings/theme - 500 null application/json 16.2914ms
[22:22:52 INF] Executing endpoint 'Riva.Api.Controllers.TemplateController.GetAllAdmin (Riva.Api)'
[22:22:52 INF] Route matched with {action = "GetAllAdmin", controller = "Template"}. Executing controller action with signature System.Threading.Tasks.Task`1[Microsoft.AspNetCore.Mvc.IActionResult] GetAllAdmin(System.Nullable`1[System.Int32], System.Nullable`1[System.Boolean]) on controller Riva.Api.Controllers.TemplateController (Riva.Api).
[22:22:52 INF] Executing OkObjectResult, writing value of type '<>f__AnonymousType21`2[[System.Collections.Generic.IEnumerable`1[[Riva.Dto.Template.TemplateListItemDto, Riva.Dto, Version=1.0.0.0, Culture=neutral, PublicKeyToken=null]], System.Private.CoreLib, Version=8.0.0.0, Culture=neutral, PublicKeyToken=7cec85d7bea7798e],[System.Int32, System.Private.CoreLib, Version=8.0.0.0, Culture=neutral, PublicKeyToken=7cec85d7bea7798e]]'.
[22:22:52 INF] Executed action Riva.Api.Controllers.TemplateController.GetAllAdmin (Riva.Api) in 3.6746ms
[22:22:52 INF] Executed endpoint 'Riva.Api.Controllers.TemplateController.GetAllAdmin (Riva.Api)'
[22:22:52 INF] Request finished HTTP/1.1 GET http://localhost:5236/api/template/admin? - 200 null application/json; charset=utf-8 5.9137ms
[22:22:52 INF] Executing OkObjectResult, writing value of type 'Riva.Dto.Admin.UserProfileDto'.
[22:22:52 INF] Executed action Riva.Api.Controllers.UsersController.GetProfile (Riva.Api) in 234.7117ms
[22:22:52 INF] Executed endpoint 'Riva.Api.Controllers.UsersController.GetProfile (Riva.Api)'
[22:22:52 INF] Request finished HTTP/1.1 GET http://localhost:5236/api/users/profile - 200 null application/json; charset=utf-8 244.0609ms
[22:22:52 INF] Request starting HTTP/1.1 GET http://localhost:5236/api/users/profile - application/json null
[22:22:52 INF] CORS policy execution successful.
[22:22:52 INF] Executing endpoint 'Riva.Api.Controllers.UsersController.GetProfile (Riva.Api)'
[22:22:52 INF] Route matched with {action = "GetProfile", controller = "Users"}. Executing controller action with signature System.Threading.Tasks.Task`1[Microsoft.AspNetCore.Mvc.IActionResult] GetProfile() on controller Riva.Api.Controllers.UsersController (Riva.Api).
[22:22:52 INF] Executing OkObjectResult, writing value of type 'Riva.Dto.Admin.UserProfileDto'.
[22:22:52 INF] Executed action Riva.Api.Controllers.UsersController.GetProfile (Riva.Api) in 5.2101ms
[22:22:52 INF] Executed endpoint 'Riva.Api.Controllers.UsersController.GetProfile (Riva.Api)'
[22:22:52 INF] Request finished HTTP/1.1 GET http://localhost:5236/api/users/profile - 200 null application/json; charset=utf-8 6.9703ms
[22:23:03 INF] Request starting HTTP/1.1 OPTIONS http://localhost:5236/api/users/profile - null null
[22:23:03 INF] Request starting HTTP/1.1 OPTIONS http://localhost:5236/api/users/profile - null null
[22:23:03 INF] CORS policy execution successful.
[22:23:03 INF] CORS policy execution successful.
[22:23:03 INF] Request finished HTTP/1.1 OPTIONS http://localhost:5236/api/users/profile - 204 null null 0.7943ms
[22:23:03 INF] Request finished HTTP/1.1 OPTIONS http://localhost:5236/api/users/profile - 204 null null 2.4091ms
[22:23:03 INF] Request starting HTTP/1.1 GET http://localhost:5236/api/users/profile - application/json null
[22:23:03 INF] CORS policy execution successful.
[22:23:03 INF] Executing endpoint 'Riva.Api.Controllers.UsersController.GetProfile (Riva.Api)'
[22:23:03 INF] Route matched with {action = "GetProfile", controller = "Users"}. Executing controller action with signature System.Threading.Tasks.Task`1[Microsoft.AspNetCore.Mvc.IActionResult] GetProfile() on controller Riva.Api.Controllers.UsersController (Riva.Api).
[22:23:03 INF] Executing OkObjectResult, writing value of type 'Riva.Dto.Admin.UserProfileDto'.
[22:23:03 INF] Executed action Riva.Api.Controllers.UsersController.GetProfile (Riva.Api) in 31.167ms
[22:23:03 INF] Executed endpoint 'Riva.Api.Controllers.UsersController.GetProfile (Riva.Api)'
[22:23:03 INF] Request finished HTTP/1.1 GET http://localhost:5236/api/users/profile - 200 null application/json; charset=utf-8 32.8508ms
[22:23:03 INF] Request starting HTTP/1.1 GET http://localhost:5236/api/users/profile - application/json null
[22:23:03 INF] CORS policy execution successful.
[22:23:03 INF] Executing endpoint 'Riva.Api.Controllers.UsersController.GetProfile (Riva.Api)'
[22:23:03 INF] Route matched with {action = "GetProfile", controller = "Users"}. Executing controller action with signature System.Threading.Tasks.Task`1[Microsoft.AspNetCore.Mvc.IActionResult] GetProfile() on controller Riva.Api.Controllers.UsersController (Riva.Api).
[22:23:03 INF] Executing OkObjectResult, writing value of type 'Riva.Dto.Admin.UserProfileDto'.
[22:23:03 INF] Executed action Riva.Api.Controllers.UsersController.GetProfile (Riva.Api) in 1.8622ms
[22:23:03 INF] Executed endpoint 'Riva.Api.Controllers.UsersController.GetProfile (Riva.Api)'
[22:23:03 INF] Request finished HTTP/1.1 GET http://localhost:5236/api/users/profile - 200 null application/json; charset=utf-8 4.5896ms
[22:23:03 INF] Request starting HTTP/1.1 GET http://localhost:5236/uploads/profiles/4dc73d32a61544529e898c403cfd8893.png - null null
[22:23:03 INF] The file /uploads/profiles/4dc73d32a61544529e898c403cfd8893.png was not modified
[22:23:03 INF] Request finished HTTP/1.1 GET http://localhost:5236/uploads/profiles/4dc73d32a61544529e898c403cfd8893.png - 304 null image/png 4.4468ms
[22:23:13 INF] Request starting HTTP/1.1 OPTIONS http://localhost:5236/api/category - null null
[22:23:13 INF] Request starting HTTP/1.1 OPTIONS http://localhost:5236/api/template/admin? - null null
[22:23:13 INF] CORS policy execution successful.
[22:23:13 INF] CORS policy execution successful.
[22:23:13 INF] Request finished HTTP/1.1 OPTIONS http://localhost:5236/api/template/admin? - 204 null null 0.2347ms
[22:23:13 INF] Request finished HTTP/1.1 OPTIONS http://localhost:5236/api/category - 204 null null 0.3993ms
[22:23:13 INF] Request starting HTTP/1.1 OPTIONS http://localhost:5236/api/category - null null
[22:23:13 INF] Request starting HTTP/1.1 OPTIONS http://localhost:5236/api/template/admin? - null null
[22:23:13 INF] CORS policy execution successful.
[22:23:13 INF] CORS policy execution successful.
[22:23:13 INF] Request finished HTTP/1.1 OPTIONS http://localhost:5236/api/category - 204 null null 0.1495ms
[22:23:13 INF] Request finished HTTP/1.1 OPTIONS http://localhost:5236/api/template/admin? - 204 null null 0.1189ms
[22:23:13 INF] Request starting HTTP/1.1 GET http://localhost:5236/api/category - application/json null
[22:23:13 INF] Request starting HTTP/1.1 GET http://localhost:5236/api/template/admin? - application/json null
[22:23:13 INF] CORS policy execution successful.
[22:23:13 INF] CORS policy execution successful.
[22:23:13 INF] Executing endpoint 'Riva.Api.Controllers.TemplateController.GetAllAdmin (Riva.Api)'
[22:23:13 INF] Route matched with {action = "GetAllAdmin", controller = "Template"}. Executing controller action with signature System.Threading.Tasks.Task`1[Microsoft.AspNetCore.Mvc.IActionResult] GetAllAdmin(System.Nullable`1[System.Int32], System.Nullable`1[System.Boolean]) on controller Riva.Api.Controllers.TemplateController (Riva.Api).
[22:23:13 INF] Executing endpoint 'Riva.Api.Controllers.CategoryController.GetAll (Riva.Api)'
[22:23:13 INF] Route matched with {action = "GetAll", controller = "Category"}. Executing controller action with signature System.Threading.Tasks.Task`1[Microsoft.AspNetCore.Mvc.IActionResult] GetAll() on controller Riva.Api.Controllers.CategoryController (Riva.Api).
[22:23:13 INF] Executing OkObjectResult, writing value of type '<>f__AnonymousType21`2[[System.Collections.Generic.IEnumerable`1[[Riva.Dto.Template.TemplateListItemDto, Riva.Dto, Version=1.0.0.0, Culture=neutral, PublicKeyToken=null]], System.Private.CoreLib, Version=8.0.0.0, Culture=neutral, PublicKeyToken=7cec85d7bea7798e],[System.Int32, System.Private.CoreLib, Version=8.0.0.0, Culture=neutral, PublicKeyToken=7cec85d7bea7798e]]'.
[22:23:13 INF] Executed action Riva.Api.Controllers.TemplateController.GetAllAdmin (Riva.Api) in 6.6578ms
[22:23:13 INF] Executed endpoint 'Riva.Api.Controllers.TemplateController.GetAllAdmin (Riva.Api)'
[22:23:13 INF] Request finished HTTP/1.1 GET http://localhost:5236/api/template/admin? - 200 null application/json; charset=utf-8 8.4456ms
[22:23:13 INF] Request starting HTTP/1.1 GET http://localhost:5236/api/template/admin? - application/json null
[22:23:13 INF] CORS policy execution successful.
[22:23:13 INF] Executing endpoint 'Riva.Api.Controllers.TemplateController.GetAllAdmin (Riva.Api)'
[22:23:13 INF] Route matched with {action = "GetAllAdmin", controller = "Template"}. Executing controller action with signature System.Threading.Tasks.Task`1[Microsoft.AspNetCore.Mvc.IActionResult] GetAllAdmin(System.Nullable`1[System.Int32], System.Nullable`1[System.Boolean]) on controller Riva.Api.Controllers.TemplateController (Riva.Api).
[22:23:13 INF] Executing OkObjectResult, writing value of type '<>f__AnonymousType21`2[[System.Collections.Generic.IEnumerable`1[[Riva.Dto.Template.TemplateListItemDto, Riva.Dto, Version=1.0.0.0, Culture=neutral, PublicKeyToken=null]], System.Private.CoreLib, Version=8.0.0.0, Culture=neutral, PublicKeyToken=7cec85d7bea7798e],[System.Int32, System.Private.CoreLib, Version=8.0.0.0, Culture=neutral, PublicKeyToken=7cec85d7bea7798e]]'.
[22:23:13 INF] Executed action Riva.Api.Controllers.TemplateController.GetAllAdmin (Riva.Api) in 3.8669ms
[22:23:13 INF] Executed endpoint 'Riva.Api.Controllers.TemplateController.GetAllAdmin (Riva.Api)'
[22:23:13 INF] Request finished HTTP/1.1 GET http://localhost:5236/api/template/admin? - 200 null application/json; charset=utf-8 5.2235ms
[22:23:13 INF] Executing OkObjectResult, writing value of type 'System.Collections.Generic.List`1[[Riva.Dto.Category.CategoryDto, Riva.Dto, Version=1.0.0.0, Culture=neutral, PublicKeyToken=null]]'.
[22:23:13 INF] Executed action Riva.Api.Controllers.CategoryController.GetAll (Riva.Api) in 20.2619ms
[22:23:13 INF] Executed endpoint 'Riva.Api.Controllers.CategoryController.GetAll (Riva.Api)'
[22:23:13 INF] Request finished HTTP/1.1 GET http://localhost:5236/api/category - 200 null application/json; charset=utf-8 25.9642ms
[22:23:13 INF] Request starting HTTP/1.1 GET http://localhost:5236/api/category - application/json null
[22:23:13 INF] CORS policy execution successful.
[22:23:13 INF] Executing endpoint 'Riva.Api.Controllers.CategoryController.GetAll (Riva.Api)'
[22:23:13 INF] Route matched with {action = "GetAll", controller = "Category"}. Executing controller action with signature System.Threading.Tasks.Task`1[Microsoft.AspNetCore.Mvc.IActionResult] GetAll() on controller Riva.Api.Controllers.CategoryController (Riva.Api).
[22:23:13 INF] Executing OkObjectResult, writing value of type 'System.Collections.Generic.List`1[[Riva.Dto.Category.CategoryDto, Riva.Dto, Version=1.0.0.0, Culture=neutral, PublicKeyToken=null]]'.
[22:23:13 INF] Executed action Riva.Api.Controllers.CategoryController.GetAll (Riva.Api) in 2.6885ms
[22:23:13 INF] Executed endpoint 'Riva.Api.Controllers.CategoryController.GetAll (Riva.Api)'
[22:23:13 INF] Request finished HTTP/1.1 GET http://localhost:5236/api/category - 200 null application/json; charset=utf-8 4.0098ms
[22:23:18 INF] Request starting HTTP/1.1 GET http://localhost:5236/api/category - application/json null
[22:23:18 INF] Request starting HTTP/1.1 OPTIONS http://localhost:5236/api/template/admin?isPaid=false - null null
[22:23:18 INF] CORS policy execution successful.
[22:23:18 INF] CORS policy execution successful.
[22:23:18 INF] Request finished HTTP/1.1 OPTIONS http://localhost:5236/api/template/admin?isPaid=false - 204 null null 0.2197ms
[22:23:18 INF] Executing endpoint 'Riva.Api.Controllers.CategoryController.GetAll (Riva.Api)'
[22:23:18 INF] Route matched with {action = "GetAll", controller = "Category"}. Executing controller action with signature System.Threading.Tasks.Task`1[Microsoft.AspNetCore.Mvc.IActionResult] GetAll() on controller Riva.Api.Controllers.CategoryController (Riva.Api).
[22:23:18 INF] Executing OkObjectResult, writing value of type 'System.Collections.Generic.List`1[[Riva.Dto.Category.CategoryDto, Riva.Dto, Version=1.0.0.0, Culture=neutral, PublicKeyToken=null]]'.
[22:23:18 INF] Executed action Riva.Api.Controllers.CategoryController.GetAll (Riva.Api) in 2.7754ms
[22:23:18 INF] Executed endpoint 'Riva.Api.Controllers.CategoryController.GetAll (Riva.Api)'
[22:23:18 INF] Request finished HTTP/1.1 GET http://localhost:5236/api/category - 200 null application/json; charset=utf-8 3.6244ms
[22:23:18 INF] Request starting HTTP/1.1 GET http://localhost:5236/api/template/admin?isPaid=false - application/json null
[22:23:18 INF] CORS policy execution successful.
[22:23:18 INF] Executing endpoint 'Riva.Api.Controllers.TemplateController.GetAllAdmin (Riva.Api)'
[22:23:18 INF] Route matched with {action = "GetAllAdmin", controller = "Template"}. Executing controller action with signature System.Threading.Tasks.Task`1[Microsoft.AspNetCore.Mvc.IActionResult] GetAllAdmin(System.Nullable`1[System.Int32], System.Nullable`1[System.Boolean]) on controller Riva.Api.Controllers.TemplateController (Riva.Api).
[22:23:18 INF] Executing OkObjectResult, writing value of type '<>f__AnonymousType21`2[[System.Collections.Generic.IEnumerable`1[[Riva.Dto.Template.TemplateListItemDto, Riva.Dto, Version=1.0.0.0, Culture=neutral, PublicKeyToken=null]], System.Private.CoreLib, Version=8.0.0.0, Culture=neutral, PublicKeyToken=7cec85d7bea7798e],[System.Int32, System.Private.CoreLib, Version=8.0.0.0, Culture=neutral, PublicKeyToken=7cec85d7bea7798e]]'.
[22:23:18 INF] Executed action Riva.Api.Controllers.TemplateController.GetAllAdmin (Riva.Api) in 14.5325ms
[22:23:18 INF] Executed endpoint 'Riva.Api.Controllers.TemplateController.GetAllAdmin (Riva.Api)'
[22:23:18 INF] Request finished HTTP/1.1 GET http://localhost:5236/api/template/admin?isPaid=false - 200 null application/json; charset=utf-8 15.4296ms
[22:23:19 INF] Request starting HTTP/1.1 OPTIONS http://localhost:5236/api/category - null null
[22:23:19 INF] Request starting HTTP/1.1 OPTIONS http://localhost:5236/api/template/admin?isPaid=true - null null
[22:23:19 INF] CORS policy execution successful.
[22:23:19 INF] CORS policy execution successful.
[22:23:19 INF] Request finished HTTP/1.1 OPTIONS http://localhost:5236/api/template/admin?isPaid=true - 204 null null 0.2442ms
[22:23:19 INF] Request finished HTTP/1.1 OPTIONS http://localhost:5236/api/category - 204 null null 0.2672ms
[22:23:19 INF] Request starting HTTP/1.1 GET http://localhost:5236/api/category - application/json null
[22:23:19 INF] CORS policy execution successful.
[22:23:19 INF] Executing endpoint 'Riva.Api.Controllers.CategoryController.GetAll (Riva.Api)'
[22:23:19 INF] Route matched with {action = "GetAll", controller = "Category"}. Executing controller action with signature System.Threading.Tasks.Task`1[Microsoft.AspNetCore.Mvc.IActionResult] GetAll() on controller Riva.Api.Controllers.CategoryController (Riva.Api).
[22:23:19 INF] Request starting HTTP/1.1 GET http://localhost:5236/api/template/admin?isPaid=true - application/json null
[22:23:19 INF] CORS policy execution successful.
[22:23:19 INF] Executing endpoint 'Riva.Api.Controllers.TemplateController.GetAllAdmin (Riva.Api)'
[22:23:19 INF] Route matched with {action = "GetAllAdmin", controller = "Template"}. Executing controller action with signature System.Threading.Tasks.Task`1[Microsoft.AspNetCore.Mvc.IActionResult] GetAllAdmin(System.Nullable`1[System.Int32], System.Nullable`1[System.Boolean]) on controller Riva.Api.Controllers.TemplateController (Riva.Api).
[22:23:19 INF] Executing OkObjectResult, writing value of type 'System.Collections.Generic.List`1[[Riva.Dto.Category.CategoryDto, Riva.Dto, Version=1.0.0.0, Culture=neutral, PublicKeyToken=null]]'.
[22:23:19 INF] Executed action Riva.Api.Controllers.CategoryController.GetAll (Riva.Api) in 11.0361ms
[22:23:19 INF] Executed endpoint 'Riva.Api.Controllers.CategoryController.GetAll (Riva.Api)'
[22:23:19 INF] Request finished HTTP/1.1 GET http://localhost:5236/api/category - 200 null application/json; charset=utf-8 12.2742ms
[22:23:19 INF] Executing OkObjectResult, writing value of type '<>f__AnonymousType21`2[[System.Collections.Generic.IEnumerable`1[[Riva.Dto.Template.TemplateListItemDto, Riva.Dto, Version=1.0.0.0, Culture=neutral, PublicKeyToken=null]], System.Private.CoreLib, Version=8.0.0.0, Culture=neutral, PublicKeyToken=7cec85d7bea7798e],[System.Int32, System.Private.CoreLib, Version=8.0.0.0, Culture=neutral, PublicKeyToken=7cec85d7bea7798e]]'.
[22:23:19 INF] Executed action Riva.Api.Controllers.TemplateController.GetAllAdmin (Riva.Api) in 10.9287ms
[22:23:19 INF] Executed endpoint 'Riva.Api.Controllers.TemplateController.GetAllAdmin (Riva.Api)'
[22:23:19 INF] Request finished HTTP/1.1 GET http://localhost:5236/api/template/admin?isPaid=true - 200 null application/json; charset=utf-8 11.5681ms
[22:23:21 INF] Request starting HTTP/1.1 OPTIONS http://localhost:5236/api/template/admin?categoryId=1&isPaid=true - null null
[22:23:21 INF] CORS policy execution successful.
[22:23:21 INF] Request finished HTTP/1.1 OPTIONS http://localhost:5236/api/template/admin?categoryId=1&isPaid=true - 204 null null 2.1013ms
[22:23:21 INF] Request starting HTTP/1.1 GET http://localhost:5236/api/category - application/json null
[22:23:21 INF] CORS policy execution successful.
[22:23:21 INF] Executing endpoint 'Riva.Api.Controllers.CategoryController.GetAll (Riva.Api)'
[22:23:21 INF] Route matched with {action = "GetAll", controller = "Category"}. Executing controller action with signature System.Threading.Tasks.Task`1[Microsoft.AspNetCore.Mvc.IActionResult] GetAll() on controller Riva.Api.Controllers.CategoryController (Riva.Api).
[22:23:21 INF] Executing OkObjectResult, writing value of type 'System.Collections.Generic.List`1[[Riva.Dto.Category.CategoryDto, Riva.Dto, Version=1.0.0.0, Culture=neutral, PublicKeyToken=null]]'.
[22:23:21 INF] Executed action Riva.Api.Controllers.CategoryController.GetAll (Riva.Api) in 2.6856ms
[22:23:21 INF] Executed endpoint 'Riva.Api.Controllers.CategoryController.GetAll (Riva.Api)'
[22:23:21 INF] Request finished HTTP/1.1 GET http://localhost:5236/api/category - 200 null application/json; charset=utf-8 3.7841ms
[22:23:21 INF] Request starting HTTP/1.1 GET http://localhost:5236/api/template/admin?categoryId=1&isPaid=true - application/json null
[22:23:21 INF] CORS policy execution successful.
[22:23:21 INF] Executing endpoint 'Riva.Api.Controllers.TemplateController.GetAllAdmin (Riva.Api)'
[22:23:21 INF] Route matched with {action = "GetAllAdmin", controller = "Template"}. Executing controller action with signature System.Threading.Tasks.Task`1[Microsoft.AspNetCore.Mvc.IActionResult] GetAllAdmin(System.Nullable`1[System.Int32], System.Nullable`1[System.Boolean]) on controller Riva.Api.Controllers.TemplateController (Riva.Api).
[22:23:21 INF] Executing OkObjectResult, writing value of type '<>f__AnonymousType21`2[[System.Collections.Generic.IEnumerable`1[[Riva.Dto.Template.TemplateListItemDto, Riva.Dto, Version=1.0.0.0, Culture=neutral, PublicKeyToken=null]], System.Private.CoreLib, Version=8.0.0.0, Culture=neutral, PublicKeyToken=7cec85d7bea7798e],[System.Int32, System.Private.CoreLib, Version=8.0.0.0, Culture=neutral, PublicKeyToken=7cec85d7bea7798e]]'.
[22:23:21 INF] Executed action Riva.Api.Controllers.TemplateController.GetAllAdmin (Riva.Api) in 7.0865ms
[22:23:21 INF] Executed endpoint 'Riva.Api.Controllers.TemplateController.GetAllAdmin (Riva.Api)'
[22:23:21 INF] Request finished HTTP/1.1 GET http://localhost:5236/api/template/admin?categoryId=1&isPaid=true - 200 null application/json; charset=utf-8 7.9556ms
[22:23:24 INF] Request starting HTTP/1.1 OPTIONS http://localhost:5236/api/template/admin?categoryId=1 - null null
[22:23:24 INF] CORS policy execution successful.
[22:23:24 INF] Request finished HTTP/1.1 OPTIONS http://localhost:5236/api/template/admin?categoryId=1 - 204 null null 0.5266ms
[22:23:24 INF] Request starting HTTP/1.1 GET http://localhost:5236/api/category - application/json null
[22:23:24 INF] CORS policy execution successful.
[22:23:24 INF] Executing endpoint 'Riva.Api.Controllers.CategoryController.GetAll (Riva.Api)'
[22:23:24 INF] Route matched with {action = "GetAll", controller = "Category"}. Executing controller action with signature System.Threading.Tasks.Task`1[Microsoft.AspNetCore.Mvc.IActionResult] GetAll() on controller Riva.Api.Controllers.CategoryController (Riva.Api).
[22:23:24 INF] Executing OkObjectResult, writing value of type 'System.Collections.Generic.List`1[[Riva.Dto.Category.CategoryDto, Riva.Dto, Version=1.0.0.0, Culture=neutral, PublicKeyToken=null]]'.
[22:23:24 INF] Executed action Riva.Api.Controllers.CategoryController.GetAll (Riva.Api) in 3.2561ms
[22:23:24 INF] Executed endpoint 'Riva.Api.Controllers.CategoryController.GetAll (Riva.Api)'
[22:23:24 INF] Request starting HTTP/1.1 GET http://localhost:5236/api/template/admin?categoryId=1 - application/json null
[22:23:24 INF] Request finished HTTP/1.1 GET http://localhost:5236/api/category - 200 null application/json; charset=utf-8 6.5793ms
[22:23:24 INF] CORS policy execution successful.
[22:23:24 INF] Executing endpoint 'Riva.Api.Controllers.TemplateController.GetAllAdmin (Riva.Api)'
[22:23:24 INF] Route matched with {action = "GetAllAdmin", controller = "Template"}. Executing controller action with signature System.Threading.Tasks.Task`1[Microsoft.AspNetCore.Mvc.IActionResult] GetAllAdmin(System.Nullable`1[System.Int32], System.Nullable`1[System.Boolean]) on controller Riva.Api.Controllers.TemplateController (Riva.Api).
[22:23:24 INF] Executing OkObjectResult, writing value of type '<>f__AnonymousType21`2[[System.Collections.Generic.IEnumerable`1[[Riva.Dto.Template.TemplateListItemDto, Riva.Dto, Version=1.0.0.0, Culture=neutral, PublicKeyToken=null]], System.Private.CoreLib, Version=8.0.0.0, Culture=neutral, PublicKeyToken=7cec85d7bea7798e],[System.Int32, System.Private.CoreLib, Version=8.0.0.0, Culture=neutral, PublicKeyToken=7cec85d7bea7798e]]'.
[22:23:24 INF] Executed action Riva.Api.Controllers.TemplateController.GetAllAdmin (Riva.Api) in 5.3819ms
[22:23:24 INF] Executed endpoint 'Riva.Api.Controllers.TemplateController.GetAllAdmin (Riva.Api)'
[22:23:24 INF] Request finished HTTP/1.1 GET http://localhost:5236/api/template/admin?categoryId=1 - 200 null application/json; charset=utf-8 5.974ms
[22:23:28 INF] Request starting HTTP/1.1 OPTIONS http://localhost:5236/api/template/admin? - null null
[22:23:28 INF] CORS policy execution successful.
[22:23:28 INF] Request finished HTTP/1.1 OPTIONS http://localhost:5236/api/template/admin? - 204 null null 0.2971ms
[22:23:28 INF] Request starting HTTP/1.1 OPTIONS http://localhost:5236/api/subscription/admin/pool/Paid - null null
[22:23:28 INF] Request starting HTTP/1.1 OPTIONS http://localhost:5236/api/template/admin? - null null
[22:23:28 INF] CORS policy execution successful.
[22:23:28 INF] CORS policy execution successful.
[22:23:28 INF] Request finished HTTP/1.1 OPTIONS http://localhost:5236/api/template/admin? - 204 null null 0.0787ms
[22:23:28 INF] Request finished HTTP/1.1 OPTIONS http://localhost:5236/api/subscription/admin/pool/Paid - 204 null null 0.1672ms
[22:23:28 INF] Request starting HTTP/1.1 OPTIONS http://localhost:5236/api/subscription/admin/pool/Paid - null null
[22:23:28 INF] CORS policy execution successful.
[22:23:28 INF] Request finished HTTP/1.1 OPTIONS http://localhost:5236/api/subscription/admin/pool/Paid - 204 null null 0.0672ms
[22:23:28 INF] Request starting HTTP/1.1 GET http://localhost:5236/api/template/admin? - application/json null
[22:23:28 INF] Request starting HTTP/1.1 GET http://localhost:5236/api/subscription/admin/pool/Paid - application/json null
[22:23:28 INF] CORS policy execution successful.
[22:23:28 INF] Executing endpoint 'Riva.Api.Controllers.TemplateController.GetAllAdmin (Riva.Api)'
[22:23:28 INF] Route matched with {action = "GetAllAdmin", controller = "Template"}. Executing controller action with signature System.Threading.Tasks.Task`1[Microsoft.AspNetCore.Mvc.IActionResult] GetAllAdmin(System.Nullable`1[System.Int32], System.Nullable`1[System.Boolean]) on controller Riva.Api.Controllers.TemplateController (Riva.Api).
[22:23:28 INF] CORS policy execution successful.
[22:23:28 INF] Executing endpoint 'Riva.Api.Controllers.SubscriptionController.GetPool (Riva.Api)'
[22:23:28 INF] Route matched with {action = "GetPool", controller = "Subscription"}. Executing controller action with signature System.Threading.Tasks.Task`1[Microsoft.AspNetCore.Mvc.IActionResult] GetPool(System.String) on controller Riva.Api.Controllers.SubscriptionController (Riva.Api).
[22:23:28 INF] Executing OkObjectResult, writing value of type '<>f__AnonymousType21`2[[System.Collections.Generic.IEnumerable`1[[Riva.Dto.Template.TemplateListItemDto, Riva.Dto, Version=1.0.0.0, Culture=neutral, PublicKeyToken=null]], System.Private.CoreLib, Version=8.0.0.0, Culture=neutral, PublicKeyToken=7cec85d7bea7798e],[System.Int32, System.Private.CoreLib, Version=8.0.0.0, Culture=neutral, PublicKeyToken=7cec85d7bea7798e]]'.
[22:23:28 INF] Executed action Riva.Api.Controllers.TemplateController.GetAllAdmin (Riva.Api) in 5.1387ms
[22:23:28 INF] Executed endpoint 'Riva.Api.Controllers.TemplateController.GetAllAdmin (Riva.Api)'
[22:23:28 INF] Request finished HTTP/1.1 GET http://localhost:5236/api/template/admin? - 200 null application/json; charset=utf-8 6.0812ms
[22:23:28 INF] Request starting HTTP/1.1 GET http://localhost:5236/api/template/admin? - application/json null
[22:23:28 INF] CORS policy execution successful.
[22:23:28 INF] Executing endpoint 'Riva.Api.Controllers.TemplateController.GetAllAdmin (Riva.Api)'
[22:23:28 INF] Route matched with {action = "GetAllAdmin", controller = "Template"}. Executing controller action with signature System.Threading.Tasks.Task`1[Microsoft.AspNetCore.Mvc.IActionResult] GetAllAdmin(System.Nullable`1[System.Int32], System.Nullable`1[System.Boolean]) on controller Riva.Api.Controllers.TemplateController (Riva.Api).
[22:23:28 INF] Executing OkObjectResult, writing value of type '<>f__AnonymousType21`2[[System.Collections.Generic.IEnumerable`1[[Riva.Dto.Template.TemplateListItemDto, Riva.Dto, Version=1.0.0.0, Culture=neutral, PublicKeyToken=null]], System.Private.CoreLib, Version=8.0.0.0, Culture=neutral, PublicKeyToken=7cec85d7bea7798e],[System.Int32, System.Private.CoreLib, Version=8.0.0.0, Culture=neutral, PublicKeyToken=7cec85d7bea7798e]]'.
[22:23:28 INF] Executed action Riva.Api.Controllers.TemplateController.GetAllAdmin (Riva.Api) in 1.621ms
[22:23:28 INF] Executed endpoint 'Riva.Api.Controllers.TemplateController.GetAllAdmin (Riva.Api)'
[22:23:28 INF] Request finished HTTP/1.1 GET http://localhost:5236/api/template/admin? - 200 null application/json; charset=utf-8 2.3886ms
[22:23:28 INF] Executing OkObjectResult, writing value of type '<>f__AnonymousType20`4[[System.String, System.Private.CoreLib, Version=8.0.0.0, Culture=neutral, PublicKeyToken=7cec85d7bea7798e],[System.Collections.Generic.List`1[[System.Int32, System.Private.CoreLib, Version=8.0.0.0, Culture=neutral, PublicKeyToken=7cec85d7bea7798e]], System.Private.CoreLib, Version=8.0.0.0, Culture=neutral, PublicKeyToken=7cec85d7bea7798e],[System.Int32, System.Private.CoreLib, Version=8.0.0.0, Culture=neutral, PublicKeyToken=7cec85d7bea7798e],[System.Int32, System.Private.CoreLib, Version=8.0.0.0, Culture=neutral, PublicKeyToken=7cec85d7bea7798e]]'.
[22:23:28 INF] Executed action Riva.Api.Controllers.SubscriptionController.GetPool (Riva.Api) in 17.3315ms
[22:23:28 INF] Executed endpoint 'Riva.Api.Controllers.SubscriptionController.GetPool (Riva.Api)'
[22:23:28 INF] Request finished HTTP/1.1 GET http://localhost:5236/api/subscription/admin/pool/Paid - 200 null application/json; charset=utf-8 22.7883ms
[22:23:28 INF] Request starting HTTP/1.1 GET http://localhost:5236/api/subscription/admin/pool/Paid - application/json null
[22:23:28 INF] CORS policy execution successful.
[22:23:28 INF] Executing endpoint 'Riva.Api.Controllers.SubscriptionController.GetPool (Riva.Api)'
[22:23:28 INF] Route matched with {action = "GetPool", controller = "Subscription"}. Executing controller action with signature System.Threading.Tasks.Task`1[Microsoft.AspNetCore.Mvc.IActionResult] GetPool(System.String) on controller Riva.Api.Controllers.SubscriptionController (Riva.Api).
[22:23:28 INF] Executing OkObjectResult, writing value of type '<>f__AnonymousType20`4[[System.String, System.Private.CoreLib, Version=8.0.0.0, Culture=neutral, PublicKeyToken=7cec85d7bea7798e],[System.Collections.Generic.List`1[[System.Int32, System.Private.CoreLib, Version=8.0.0.0, Culture=neutral, PublicKeyToken=7cec85d7bea7798e]], System.Private.CoreLib, Version=8.0.0.0, Culture=neutral, PublicKeyToken=7cec85d7bea7798e],[System.Int32, System.Private.CoreLib, Version=8.0.0.0, Culture=neutral, PublicKeyToken=7cec85d7bea7798e],[System.Int32, System.Private.CoreLib, Version=8.0.0.0, Culture=neutral, PublicKeyToken=7cec85d7bea7798e]]'.
[22:23:28 INF] Executed action Riva.Api.Controllers.SubscriptionController.GetPool (Riva.Api) in 2.9597ms
[22:23:28 INF] Executed endpoint 'Riva.Api.Controllers.SubscriptionController.GetPool (Riva.Api)'
[22:23:28 INF] Request finished HTTP/1.1 GET http://localhost:5236/api/subscription/admin/pool/Paid - 200 null application/json; charset=utf-8 3.7644ms
[22:23:28 INF] Request starting HTTP/1.1 GET http://localhost:5236/uploads/templates/d0927975da4d4ee99b2b92ddbdf42cad.png - null null
[22:23:28 INF] Request starting HTTP/1.1 GET http://localhost:5236/uploads/templates/df69cef7fc0747898d5e816e650221aa.png - null null
[22:23:28 INF] The file /uploads/templates/d0927975da4d4ee99b2b92ddbdf42cad.png was not modified
[22:23:28 INF] Request finished HTTP/1.1 GET http://localhost:5236/uploads/templates/d0927975da4d4ee99b2b92ddbdf42cad.png - 304 null image/png 0.7709ms
[22:23:28 INF] The file /uploads/templates/df69cef7fc0747898d5e816e650221aa.png was not modified
[22:23:28 INF] Request finished HTTP/1.1 GET http://localhost:5236/uploads/templates/df69cef7fc0747898d5e816e650221aa.png - 304 null image/png 0.312ms
[22:23:40 INF] Request starting HTTP/1.1 OPTIONS http://localhost:5236/api/template/admin? - null null
[22:23:40 INF] Request starting HTTP/1.1 OPTIONS http://localhost:5236/api/subscription/admin/pool/Pro - null null
[22:23:40 INF] CORS policy execution successful.
[22:23:40 INF] CORS policy execution successful.
[22:23:40 INF] Request finished HTTP/1.1 OPTIONS http://localhost:5236/api/subscription/admin/pool/Pro - 204 null null 0.1416ms
[22:23:40 INF] Request finished HTTP/1.1 OPTIONS http://localhost:5236/api/template/admin? - 204 null null 0.9638ms
[22:23:40 INF] Request starting HTTP/1.1 GET http://localhost:5236/api/template/admin? - application/json null
[22:23:40 INF] CORS policy execution successful.
[22:23:40 INF] Executing endpoint 'Riva.Api.Controllers.TemplateController.GetAllAdmin (Riva.Api)'
[22:23:40 INF] Route matched with {action = "GetAllAdmin", controller = "Template"}. Executing controller action with signature System.Threading.Tasks.Task`1[Microsoft.AspNetCore.Mvc.IActionResult] GetAllAdmin(System.Nullable`1[System.Int32], System.Nullable`1[System.Boolean]) on controller Riva.Api.Controllers.TemplateController (Riva.Api).
[22:23:40 INF] Request starting HTTP/1.1 GET http://localhost:5236/api/subscription/admin/pool/Pro - application/json null
[22:23:40 INF] CORS policy execution successful.
[22:23:40 INF] Executing endpoint 'Riva.Api.Controllers.SubscriptionController.GetPool (Riva.Api)'
[22:23:40 INF] Route matched with {action = "GetPool", controller = "Subscription"}. Executing controller action with signature System.Threading.Tasks.Task`1[Microsoft.AspNetCore.Mvc.IActionResult] GetPool(System.String) on controller Riva.Api.Controllers.SubscriptionController (Riva.Api).
[22:23:40 INF] Executing OkObjectResult, writing value of type '<>f__AnonymousType21`2[[System.Collections.Generic.IEnumerable`1[[Riva.Dto.Template.TemplateListItemDto, Riva.Dto, Version=1.0.0.0, Culture=neutral, PublicKeyToken=null]], System.Private.CoreLib, Version=8.0.0.0, Culture=neutral, PublicKeyToken=7cec85d7bea7798e],[System.Int32, System.Private.CoreLib, Version=8.0.0.0, Culture=neutral, PublicKeyToken=7cec85d7bea7798e]]'.
[22:23:40 INF] Executing OkObjectResult, writing value of type '<>f__AnonymousType20`4[[System.String, System.Private.CoreLib, Version=8.0.0.0, Culture=neutral, PublicKeyToken=7cec85d7bea7798e],[System.Collections.Generic.List`1[[System.Int32, System.Private.CoreLib, Version=8.0.0.0, Culture=neutral, PublicKeyToken=7cec85d7bea7798e]], System.Private.CoreLib, Version=8.0.0.0, Culture=neutral, PublicKeyToken=7cec85d7bea7798e],[System.Int32, System.Private.CoreLib, Version=8.0.0.0, Culture=neutral, PublicKeyToken=7cec85d7bea7798e],[System.Int32, System.Private.CoreLib, Version=8.0.0.0, Culture=neutral, PublicKeyToken=7cec85d7bea7798e]]'.
[22:23:40 INF] Executed action Riva.Api.Controllers.TemplateController.GetAllAdmin (Riva.Api) in 6.477ms
[22:23:40 INF] Executed endpoint 'Riva.Api.Controllers.TemplateController.GetAllAdmin (Riva.Api)'
[22:23:40 INF] Executed action Riva.Api.Controllers.SubscriptionController.GetPool (Riva.Api) in 5.2499ms
[22:23:40 INF] Request finished HTTP/1.1 GET http://localhost:5236/api/template/admin? - 200 null application/json; charset=utf-8 7.3705ms
[22:23:40 INF] Executed endpoint 'Riva.Api.Controllers.SubscriptionController.GetPool (Riva.Api)'
[22:23:40 INF] Request finished HTTP/1.1 GET http://localhost:5236/api/subscription/admin/pool/Pro - 200 null application/json; charset=utf-8 6.2275ms
[22:23:40 INF] Request starting HTTP/1.1 GET http://localhost:5236/uploads/templates/5d91e91ea2104d74bbf2e14bce7b7b75.png - null null
[22:23:40 INF] The file /uploads/templates/5d91e91ea2104d74bbf2e14bce7b7b75.png was not modified
[22:23:40 INF] Request finished HTTP/1.1 GET http://localhost:5236/uploads/templates/5d91e91ea2104d74bbf2e14bce7b7b75.png - 304 null image/png 0.4842ms
[22:23:51 INF] Request starting HTTP/1.1 OPTIONS http://localhost:5236/api/category - null null
[22:23:51 INF] CORS policy execution successful.
[22:23:51 INF] Request finished HTTP/1.1 OPTIONS http://localhost:5236/api/category - 204 null null 0.2637ms
[22:23:51 INF] Request starting HTTP/1.1 OPTIONS http://localhost:5236/api/category - null null
[22:23:51 INF] CORS policy execution successful.
[22:23:51 INF] Request finished HTTP/1.1 OPTIONS http://localhost:5236/api/category - 204 null null 0.2049ms
[22:23:51 INF] Request starting HTTP/1.1 GET http://localhost:5236/api/category - application/json null
[22:23:51 INF] CORS policy execution successful.
[22:23:51 INF] Executing endpoint 'Riva.Api.Controllers.CategoryController.GetAll (Riva.Api)'
[22:23:51 INF] Route matched with {action = "GetAll", controller = "Category"}. Executing controller action with signature System.Threading.Tasks.Task`1[Microsoft.AspNetCore.Mvc.IActionResult] GetAll() on controller Riva.Api.Controllers.CategoryController (Riva.Api).
[22:23:51 INF] Executing OkObjectResult, writing value of type 'System.Collections.Generic.List`1[[Riva.Dto.Category.CategoryDto, Riva.Dto, Version=1.0.0.0, Culture=neutral, PublicKeyToken=null]]'.
[22:23:51 INF] Executed action Riva.Api.Controllers.CategoryController.GetAll (Riva.Api) in 7.695ms
[22:23:51 INF] Executed endpoint 'Riva.Api.Controllers.CategoryController.GetAll (Riva.Api)'
[22:23:51 INF] Request finished HTTP/1.1 GET http://localhost:5236/api/category - 200 null application/json; charset=utf-8 9.0443ms
[22:23:51 INF] Request starting HTTP/1.1 GET http://localhost:5236/api/category - application/json null
[22:23:51 INF] CORS policy execution successful.
[22:23:51 INF] Executing endpoint 'Riva.Api.Controllers.CategoryController.GetAll (Riva.Api)'
[22:23:51 INF] Route matched with {action = "GetAll", controller = "Category"}. Executing controller action with signature System.Threading.Tasks.Task`1[Microsoft.AspNetCore.Mvc.IActionResult] GetAll() on controller Riva.Api.Controllers.CategoryController (Riva.Api).
[22:23:51 INF] Executing OkObjectResult, writing value of type 'System.Collections.Generic.List`1[[Riva.Dto.Category.CategoryDto, Riva.Dto, Version=1.0.0.0, Culture=neutral, PublicKeyToken=null]]'.
[22:23:51 INF] Executed action Riva.Api.Controllers.CategoryController.GetAll (Riva.Api) in 1.3707ms
[22:23:51 INF] Executed endpoint 'Riva.Api.Controllers.CategoryController.GetAll (Riva.Api)'
[22:23:51 INF] Request finished HTTP/1.1 GET http://localhost:5236/api/category - 200 null application/json; charset=utf-8 2.0893ms
[22:23:55 INF] Request starting HTTP/1.1 OPTIONS http://localhost:5236/api/category/admin - null null
[22:23:55 INF] CORS policy execution successful.
[22:23:55 INF] Request starting HTTP/1.1 OPTIONS http://localhost:5236/api/category/admin - null null
[22:23:55 INF] Request finished HTTP/1.1 OPTIONS http://localhost:5236/api/category/admin - 204 null null 0.2627ms
[22:23:55 INF] CORS policy execution successful.
[22:23:55 INF] Request finished HTTP/1.1 OPTIONS http://localhost:5236/api/category/admin - 204 null null 0.0722ms
[22:23:55 INF] Request starting HTTP/1.1 GET http://localhost:5236/api/category/admin - application/json null
[22:23:55 INF] CORS policy execution successful.
[22:23:55 INF] Executing endpoint 'Riva.Api.Controllers.CategoryController.GetAllAdmin (Riva.Api)'
[22:23:55 INF] Route matched with {action = "GetAllAdmin", controller = "Category"}. Executing controller action with signature System.Threading.Tasks.Task`1[Microsoft.AspNetCore.Mvc.IActionResult] GetAllAdmin() on controller Riva.Api.Controllers.CategoryController (Riva.Api).
[22:23:55 INF] Executing OkObjectResult, writing value of type 'System.Linq.Enumerable+SelectListIterator`2[[Riva.Domain.Entity.Category, Riva.Domain, Version=1.0.0.0, Culture=neutral, PublicKeyToken=null],[<>f__AnonymousType5`3[[System.Int32, System.Private.CoreLib, Version=8.0.0.0, Culture=neutral, PublicKeyToken=7cec85d7bea7798e],[System.String, System.Private.CoreLib, Version=8.0.0.0, Culture=neutral, PublicKeyToken=7cec85d7bea7798e],[System.Boolean, System.Private.CoreLib, Version=8.0.0.0, Culture=neutral, PublicKeyToken=7cec85d7bea7798e]], Riva.Api, Version=1.0.0.0, Culture=neutral, PublicKeyToken=null]]'.
[22:23:55 INF] Executed action Riva.Api.Controllers.CategoryController.GetAllAdmin (Riva.Api) in 6.1157ms
[22:23:55 INF] Executed endpoint 'Riva.Api.Controllers.CategoryController.GetAllAdmin (Riva.Api)'
[22:23:55 INF] Request finished HTTP/1.1 GET http://localhost:5236/api/category/admin - 200 null application/json; charset=utf-8 10.1688ms
[22:23:55 INF] Request starting HTTP/1.1 GET http://localhost:5236/api/category/admin - application/json null
[22:23:55 INF] CORS policy execution successful.
[22:23:55 INF] Executing endpoint 'Riva.Api.Controllers.CategoryController.GetAllAdmin (Riva.Api)'
[22:23:55 INF] Route matched with {action = "GetAllAdmin", controller = "Category"}. Executing controller action with signature System.Threading.Tasks.Task`1[Microsoft.AspNetCore.Mvc.IActionResult] GetAllAdmin() on controller Riva.Api.Controllers.CategoryController (Riva.Api).
[22:23:55 INF] Executing OkObjectResult, writing value of type 'System.Linq.Enumerable+SelectListIterator`2[[Riva.Domain.Entity.Category, Riva.Domain, Version=1.0.0.0, Culture=neutral, PublicKeyToken=null],[<>f__AnonymousType5`3[[System.Int32, System.Private.CoreLib, Version=8.0.0.0, Culture=neutral, PublicKeyToken=7cec85d7bea7798e],[System.String, System.Private.CoreLib, Version=8.0.0.0, Culture=neutral, PublicKeyToken=7cec85d7bea7798e],[System.Boolean, System.Private.CoreLib, Version=8.0.0.0, Culture=neutral, PublicKeyToken=7cec85d7bea7798e]], Riva.Api, Version=1.0.0.0, Culture=neutral, PublicKeyToken=null]]'.
[22:23:55 INF] Executed action Riva.Api.Controllers.CategoryController.GetAllAdmin (Riva.Api) in 0.7335ms
[22:23:55 INF] Executed endpoint 'Riva.Api.Controllers.CategoryController.GetAllAdmin (Riva.Api)'
[22:23:55 INF] Request finished HTTP/1.1 GET http://localhost:5236/api/category/admin - 200 null application/json; charset=utf-8 1.2886ms
[22:24:01 INF] Request starting HTTP/1.1 OPTIONS http://localhost:5236/api/app-settings/theme - null null
[22:24:01 INF] CORS policy execution successful.
[22:24:01 INF] Request finished HTTP/1.1 OPTIONS http://localhost:5236/api/app-settings/theme - 204 null null 1.0247ms
[22:24:01 INF] Request starting HTTP/1.1 GET http://localhost:5236/api/app-settings/theme - application/json null
[22:24:01 INF] CORS policy execution successful.
[22:24:01 INF] Executing endpoint 'Riva.Api.Controllers.AppSettingsController.GetTheme (Riva.Api)'
[22:24:01 INF] Route matched with {action = "GetTheme", controller = "AppSettings"}. Executing controller action with signature System.Threading.Tasks.Task`1[Microsoft.AspNetCore.Mvc.IActionResult] GetTheme() on controller Riva.Api.Controllers.AppSettingsController (Riva.Api).
[22:24:01 INF] Executed action Riva.Api.Controllers.AppSettingsController.GetTheme (Riva.Api) in 2.2356ms
[22:24:01 INF] Executed endpoint 'Riva.Api.Controllers.AppSettingsController.GetTheme (Riva.Api)'
[22:24:01 ERR] Unhandled exception
System.Data.SqlClient.SqlException (0x80131904): Invalid object name 'AppSettings'.
   at System.Data.SqlClient.SqlConnection.OnError(SqlException exception, Boolean breakConnection, Action`1 wrapCloseInAction)
   at System.Data.SqlClient.SqlInternalConnection.OnError(SqlException exception, Boolean breakConnection, Action`1 wrapCloseInAction)
   at System.Data.SqlClient.TdsParser.ThrowExceptionAndWarning(TdsParserStateObject stateObj, Boolean callerHasConnectionLock, Boolean asyncClose)
   at System.Data.SqlClient.TdsParser.TryRun(RunBehavior runBehavior, SqlCommand cmdHandler, SqlDataReader dataStream, BulkCopySimpleResultSet bulkCopyHandler, TdsParserStateObject stateObj, Boolean& dataReady)
   at System.Data.SqlClient.SqlDataReader.TryConsumeMetaData()
   at System.Data.SqlClient.SqlDataReader.get_MetaData()
   at System.Data.SqlClient.SqlCommand.FinishExecuteReader(SqlDataReader ds, RunBehavior runBehavior, String resetOptionsString)
   at System.Data.SqlClient.SqlCommand.CompleteAsyncExecuteReader()
   at System.Data.SqlClient.SqlCommand.InternalEndExecuteReader(IAsyncResult asyncResult, String endMethod)
   at System.Data.SqlClient.SqlCommand.EndExecuteReaderInternal(IAsyncResult asyncResult)
   at System.Data.SqlClient.SqlCommand.EndExecuteReader(IAsyncResult asyncResult)
   at System.Threading.Tasks.TaskFactory`1.FromAsyncCoreLogic(IAsyncResult iar, Func`2 endFunction, Action`1 endAction, Task`1 promise, Boolean requiresSynchronization)
--- End of stack trace from previous location ---
   at Riva.Api.Repository.AppSettingsRepository.GetAsync(String key) in C:\Beaulin Shajil\Riva\Riva\Riva-API\api\Riva.Api\Repository\AppSettingsRepository.cs:line 18
   at Riva.Api.Repository.AppSettingsRepository.GetAsync(String key) in C:\Beaulin Shajil\Riva\Riva\Riva-API\api\Riva.Api\Repository\AppSettingsRepository.cs:line 19
   at Riva.Api.Repository.AppSettingsRepository.GetAsync(String key) in C:\Beaulin Shajil\Riva\Riva\Riva-API\api\Riva.Api\Repository\AppSettingsRepository.cs:line 19
   at Riva.Api.Controllers.AppSettingsController.GetTheme() in C:\Beaulin Shajil\Riva\Riva\Riva-API\api\Riva.Api\Controllers\AppSettingsController.cs:line 23
   at Microsoft.AspNetCore.Mvc.Infrastructure.ActionMethodExecutor.TaskOfIActionResultExecutor.Execute(ActionContext actionContext, IActionResultTypeMapper mapper, ObjectMethodExecutor executor, Object controller, Object[] arguments)
   at Microsoft.AspNetCore.Mvc.Infrastructure.ControllerActionInvoker.<InvokeActionMethodAsync>g__Awaited|12_0(ControllerActionInvoker invoker, ValueTask`1 actionResultValueTask)
   at Microsoft.AspNetCore.Mvc.Infrastructure.ControllerActionInvoker.<InvokeNextActionFilterAsync>g__Awaited|10_0(ControllerActionInvoker invoker, Task lastTask, State next, Scope scope, Object state, Boolean isCompleted)
   at Microsoft.AspNetCore.Mvc.Infrastructure.ControllerActionInvoker.Rethrow(ActionExecutedContextSealed context)
   at Microsoft.AspNetCore.Mvc.Infrastructure.ControllerActionInvoker.Next(State& next, Scope& scope, Object& state, Boolean& isCompleted)
   at Microsoft.AspNetCore.Mvc.Infrastructure.ControllerActionInvoker.<InvokeInnerFilterAsync>g__Awaited|13_0(ControllerActionInvoker invoker, Task lastTask, State next, Scope scope, Object state, Boolean isCompleted)
   at Microsoft.AspNetCore.Mvc.Infrastructure.ResourceInvoker.<InvokeFilterPipelineAsync>g__Awaited|20_0(ResourceInvoker invoker, Task lastTask, State next, Scope scope, Object state, Boolean isCompleted)
   at Microsoft.AspNetCore.Mvc.Infrastructure.ResourceInvoker.<InvokeAsync>g__Logged|17_1(ResourceInvoker invoker)
   at Microsoft.AspNetCore.Mvc.Infrastructure.ResourceInvoker.<InvokeAsync>g__Logged|17_1(ResourceInvoker invoker)
   at Microsoft.AspNetCore.Routing.EndpointMiddleware.<Invoke>g__AwaitRequestTask|7_0(Endpoint endpoint, Task requestTask, ILogger logger)
   at Microsoft.AspNetCore.Authorization.AuthorizationMiddleware.Invoke(HttpContext context)
   at Microsoft.AspNetCore.Authentication.AuthenticationMiddleware.Invoke(HttpContext context)
   at Riva.Api.Middleware.ErrorHandlingMiddleware.InvokeAsync(HttpContext context) in C:\Beaulin Shajil\Riva\Riva\Riva-API\api\Riva.Api\Middleware\ErrorHandlingMiddleware.cs:line 23
ClientConnectionId:9ce7db15-d294-4c80-9581-4354025fdba0
Error Number:208,State:1,Class:16
[22:24:01 INF] Request finished HTTP/1.1 GET http://localhost:5236/api/app-settings/theme - 500 null application/json 6.4641ms
